TI ARM Assembler Unix v5.2.2 Tue Jun  2 02:20:19 2015

Tools Copyright (c) 1996-2015 Texas Instruments Incorporated
startup_ccs.asm                                                      PAGE    1

       1                    ;******************************************************************************
       2                    ;* TI ARM C/C++ Codegen                                           Unix v5.2.2 *
       3                    ;* Date/Time created: Tue Jun  2 02:20:19 2015                                *
       4                    ;******************************************************************************
       5                            .compiler_opts --abi=eabi --arm_vmrs_si_workaround=off --code_state=16 --diag_wrap=off --disab
       6 00000000                   .thumb
       7                    
       8                    $C$DW$CU        .dwtag  DW_TAG_compile_unit
       9                            .dwattr $C$DW$CU, DW_AT_name("../startup_ccs.c")
      10                            .dwattr $C$DW$CU, DW_AT_producer("TI TI ARM C/C++ Codegen Unix v5.2.2 Copyright (c) 1996-2015 
      11                            .dwattr $C$DW$CU, DW_AT_TI_version(0x01)
      12                            .dwattr $C$DW$CU, DW_AT_comp_dir("/home/kike/proyectos/workspaceCcs/camOv767060x80/Debug")
      13                    
      14                    $C$DW$1 .dwtag  DW_TAG_subprogram, DW_AT_name("Timer1IntHandler")
      15                            .dwattr $C$DW$1, DW_AT_TI_symbol_name("Timer1IntHandler")
      16                            .dwattr $C$DW$1, DW_AT_declaration
      17                            .dwattr $C$DW$1, DW_AT_external
      18                            .dwattr $C$DW$1, DW_AT_decl_file("../startup_ccs.c")
      19                            .dwattr $C$DW$1, DW_AT_decl_line(0x26)
      20                            .dwattr $C$DW$1, DW_AT_decl_column(0x0d)
      21                    
      22                    $C$DW$2 .dwtag  DW_TAG_subprogram, DW_AT_name("IntGPIOf")
      23                            .dwattr $C$DW$2, DW_AT_TI_symbol_name("IntGPIOf")
      24                            .dwattr $C$DW$2, DW_AT_declaration
      25                            .dwattr $C$DW$2, DW_AT_external
      26                            .dwattr $C$DW$2, DW_AT_decl_file("../startup_ccs.c")
      27                            .dwattr $C$DW$2, DW_AT_decl_line(0x27)
      28                            .dwattr $C$DW$2, DW_AT_decl_column(0x0d)
      29                    
      30                    $C$DW$3 .dwtag  DW_TAG_subprogram, DW_AT_name("IntGPIOD")
      31                            .dwattr $C$DW$3, DW_AT_TI_symbol_name("IntGPIOD")
      32                            .dwattr $C$DW$3, DW_AT_declaration
      33                            .dwattr $C$DW$3, DW_AT_external
      34                            .dwattr $C$DW$3, DW_AT_decl_file("../startup_ccs.c")
      35                            .dwattr $C$DW$3, DW_AT_decl_line(0x28)
      36                            .dwattr $C$DW$3, DW_AT_decl_column(0x0d)
      37                    $C$DW$4 .dwtag  DW_TAG_variable, DW_AT_name("__STACK_TOP")
      38                            .dwattr $C$DW$4, DW_AT_TI_symbol_name("__STACK_TOP")
      39                            .dwattr $C$DW$4, DW_AT_type(*$C$DW$T$37)
      40                            .dwattr $C$DW$4, DW_AT_declaration
      41                            .dwattr $C$DW$4, DW_AT_external
      42                            .dwattr $C$DW$4, DW_AT_decl_file("../startup_ccs.c")
      43                            .dwattr $C$DW$4, DW_AT_decl_line(0x37)
      44                            .dwattr $C$DW$4, DW_AT_decl_column(0x11)
      45                            .global g_pfnVectors
      46 00000000                   .sect   ".intvecs"
      47                            .align  4
      48                            .elfsym g_pfnVectors,SYM_SIZE(620)
      49 00000000           g_pfnVectors:
      50 00000000 00000000!         .bits   __STACK_TOP,32          ; g_pfnVectors[0] @ 0
      51 00000004 00000000!         .bits   ResetISR,32             ; g_pfnVectors[1] @ 32
      52 00000008 00000000!         .bits   NmiSR,32                ; g_pfnVectors[2] @ 64
      53 0000000c 00000000!         .bits   FaultISR,32             ; g_pfnVectors[3] @ 96
      54 00000010 00000000!         .bits   IntDefaultHandler,32            ; g_pfnVectors[4] @ 128
      55 00000014 00000000!         .bits   IntDefaultHandler,32            ; g_pfnVectors[5] @ 160
TI ARM Assembler Unix v5.2.2 Tue Jun  2 02:20:19 2015

Tools Copyright (c) 1996-2015 Texas Instruments Incorporated
startup_ccs.asm                                                      PAGE    2

      56 00000018 00000000!         .bits   IntDefaultHandler,32            ; g_pfnVectors[6] @ 192
      57 0000001c 00000000          .bits   0,32                    ; g_pfnVectors[7] @ 224
      58 00000020 00000000          .bits   0,32                    ; g_pfnVectors[8] @ 256
      59 00000024 00000000          .bits   0,32                    ; g_pfnVectors[9] @ 288
      60 00000028 00000000          .bits   0,32                    ; g_pfnVectors[10] @ 320
      61 0000002c 00000000!         .bits   IntDefaultHandler,32            ; g_pfnVectors[11] @ 352
      62 00000030 00000000!         .bits   IntDefaultHandler,32            ; g_pfnVectors[12] @ 384
      63 00000034 00000000          .bits   0,32                    ; g_pfnVectors[13] @ 416
      64 00000038 00000000!         .bits   IntDefaultHandler,32            ; g_pfnVectors[14] @ 448
      65 0000003c 00000000!         .bits   IntDefaultHandler,32            ; g_pfnVectors[15] @ 480
      66 00000040 00000000!         .bits   IntDefaultHandler,32            ; g_pfnVectors[16] @ 512
      67 00000044 00000000!         .bits   IntDefaultHandler,32            ; g_pfnVectors[17] @ 544
      68 00000048 00000000!         .bits   IntDefaultHandler,32            ; g_pfnVectors[18] @ 576
      69 0000004c 00000000!         .bits   IntGPIOD,32             ; g_pfnVectors[19] @ 608
      70 00000050 00000000!         .bits   IntDefaultHandler,32            ; g_pfnVectors[20] @ 640
      71 00000054 00000000!         .bits   IntDefaultHandler,32            ; g_pfnVectors[21] @ 672
      72 00000058 00000000!         .bits   IntDefaultHandler,32            ; g_pfnVectors[22] @ 704
      73 0000005c 00000000!         .bits   IntDefaultHandler,32            ; g_pfnVectors[23] @ 736
      74 00000060 00000000!         .bits   IntDefaultHandler,32            ; g_pfnVectors[24] @ 768
      75 00000064 00000000!         .bits   IntDefaultHandler,32            ; g_pfnVectors[25] @ 800
      76 00000068 00000000!         .bits   IntDefaultHandler,32            ; g_pfnVectors[26] @ 832
      77 0000006c 00000000!         .bits   IntDefaultHandler,32            ; g_pfnVectors[27] @ 864
      78 00000070 00000000!         .bits   IntDefaultHandler,32            ; g_pfnVectors[28] @ 896
      79 00000074 00000000!         .bits   IntDefaultHandler,32            ; g_pfnVectors[29] @ 928
      80 00000078 00000000!         .bits   IntDefaultHandler,32            ; g_pfnVectors[30] @ 960
      81 0000007c 00000000!         .bits   IntDefaultHandler,32            ; g_pfnVectors[31] @ 992
      82 00000080 00000000!         .bits   IntDefaultHandler,32            ; g_pfnVectors[32] @ 1024
      83 00000084 00000000!         .bits   IntDefaultHandler,32            ; g_pfnVectors[33] @ 1056
      84 00000088 00000000!         .bits   IntDefaultHandler,32            ; g_pfnVectors[34] @ 1088
      85 0000008c 00000000!         .bits   IntDefaultHandler,32            ; g_pfnVectors[35] @ 1120
      86 00000090 00000000!         .bits   IntDefaultHandler,32            ; g_pfnVectors[36] @ 1152
      87 00000094 00000000!         .bits   Timer1IntHandler,32             ; g_pfnVectors[37] @ 1184
      88 00000098 00000000!         .bits   IntDefaultHandler,32            ; g_pfnVectors[38] @ 1216
      89 0000009c 00000000!         .bits   IntDefaultHandler,32            ; g_pfnVectors[39] @ 1248
      90 000000a0 00000000!         .bits   IntDefaultHandler,32            ; g_pfnVectors[40] @ 1280
      91 000000a4 00000000!         .bits   IntDefaultHandler,32            ; g_pfnVectors[41] @ 1312
      92 000000a8 00000000!         .bits   IntDefaultHandler,32            ; g_pfnVectors[42] @ 1344
      93 000000ac 00000000!         .bits   IntDefaultHandler,32            ; g_pfnVectors[43] @ 1376
      94 000000b0 00000000!         .bits   IntDefaultHandler,32            ; g_pfnVectors[44] @ 1408
      95 000000b4 00000000!         .bits   IntDefaultHandler,32            ; g_pfnVectors[45] @ 1440
      96 000000b8 00000000!         .bits   IntGPIOf,32             ; g_pfnVectors[46] @ 1472
      97 000000bc 00000000!         .bits   IntDefaultHandler,32            ; g_pfnVectors[47] @ 1504
      98 000000c0 00000000!         .bits   IntDefaultHandler,32            ; g_pfnVectors[48] @ 1536
      99 000000c4 00000000!         .bits   IntDefaultHandler,32            ; g_pfnVectors[49] @ 1568
     100 000000c8 00000000!         .bits   IntDefaultHandler,32            ; g_pfnVectors[50] @ 1600
     101 000000cc 00000000!         .bits   IntDefaultHandler,32            ; g_pfnVectors[51] @ 1632
     102 000000d0 00000000!         .bits   IntDefaultHandler,32            ; g_pfnVectors[52] @ 1664
     103 000000d4 00000000!         .bits   IntDefaultHandler,32            ; g_pfnVectors[53] @ 1696
     104 000000d8 00000000!         .bits   IntDefaultHandler,32            ; g_pfnVectors[54] @ 1728
     105 000000dc 00000000!         .bits   IntDefaultHandler,32            ; g_pfnVectors[55] @ 1760
     106 000000e0 00000000!         .bits   IntDefaultHandler,32            ; g_pfnVectors[56] @ 1792
     107 000000e4 00000000!         .bits   IntDefaultHandler,32            ; g_pfnVectors[57] @ 1824
     108 000000e8 00000000          .bits   0,32                    ; g_pfnVectors[58] @ 1856
     109 000000ec 00000000!         .bits   IntDefaultHandler,32            ; g_pfnVectors[59] @ 1888
     110 000000f0 00000000!         .bits   IntDefaultHandler,32            ; g_pfnVectors[60] @ 1920
TI ARM Assembler Unix v5.2.2 Tue Jun  2 02:20:19 2015

Tools Copyright (c) 1996-2015 Texas Instruments Incorporated
startup_ccs.asm                                                      PAGE    3

     111 000000f4 00000000!         .bits   IntDefaultHandler,32            ; g_pfnVectors[61] @ 1952
     112 000000f8 00000000!         .bits   IntDefaultHandler,32            ; g_pfnVectors[62] @ 1984
     113 000000fc 00000000!         .bits   IntDefaultHandler,32            ; g_pfnVectors[63] @ 2016
     114 00000100 00000000!         .bits   IntDefaultHandler,32            ; g_pfnVectors[64] @ 2048
     115 00000104 00000000!         .bits   IntDefaultHandler,32            ; g_pfnVectors[65] @ 2080
     116 00000108 00000000!         .bits   IntDefaultHandler,32            ; g_pfnVectors[66] @ 2112
     117 0000010c 00000000!         .bits   IntDefaultHandler,32            ; g_pfnVectors[67] @ 2144
     118 00000110 00000000          .bits   0,32                    ; g_pfnVectors[68] @ 2176
     119 00000114 00000000          .bits   0,32                    ; g_pfnVectors[69] @ 2208
     120 00000118 00000000!         .bits   IntDefaultHandler,32            ; g_pfnVectors[70] @ 2240
     121 0000011c 00000000!         .bits   IntDefaultHandler,32            ; g_pfnVectors[71] @ 2272
     122 00000120 00000000!         .bits   IntDefaultHandler,32            ; g_pfnVectors[72] @ 2304
     123 00000124 00000000!         .bits   IntDefaultHandler,32            ; g_pfnVectors[73] @ 2336
     124 00000128 00000000!         .bits   IntDefaultHandler,32            ; g_pfnVectors[74] @ 2368
     125 0000012c 00000000!         .bits   IntDefaultHandler,32            ; g_pfnVectors[75] @ 2400
     126 00000130 00000000!         .bits   IntDefaultHandler,32            ; g_pfnVectors[76] @ 2432
     127 00000134 00000000!         .bits   IntDefaultHandler,32            ; g_pfnVectors[77] @ 2464
     128 00000138 00000000!         .bits   IntDefaultHandler,32            ; g_pfnVectors[78] @ 2496
     129 0000013c 00000000!         .bits   IntDefaultHandler,32            ; g_pfnVectors[79] @ 2528
     130 00000140 00000000          .bits   0,32                    ; g_pfnVectors[80] @ 2560
     131 00000144 00000000          .bits   0,32                    ; g_pfnVectors[81] @ 2592
     132 00000148 00000000          .bits   0,32                    ; g_pfnVectors[82] @ 2624
     133 0000014c 00000000          .bits   0,32                    ; g_pfnVectors[83] @ 2656
     134 00000150 00000000!         .bits   IntDefaultHandler,32            ; g_pfnVectors[84] @ 2688
     135 00000154 00000000!         .bits   IntDefaultHandler,32            ; g_pfnVectors[85] @ 2720
     136 00000158 00000000!         .bits   IntDefaultHandler,32            ; g_pfnVectors[86] @ 2752
     137 0000015c 00000000!         .bits   IntDefaultHandler,32            ; g_pfnVectors[87] @ 2784
     138 00000160 00000000          .bits   0,32                    ; g_pfnVectors[88] @ 2816
     139 00000164 00000000          .bits   0,32                    ; g_pfnVectors[89] @ 2848
     140 00000168 00000000          .bits   0,32                    ; g_pfnVectors[90] @ 2880
     141 0000016c 00000000          .bits   0,32                    ; g_pfnVectors[91] @ 2912
     142 00000170 00000000          .bits   0,32                    ; g_pfnVectors[92] @ 2944
     143 00000174 00000000          .bits   0,32                    ; g_pfnVectors[93] @ 2976
     144 00000178 00000000          .bits   0,32                    ; g_pfnVectors[94] @ 3008
     145 0000017c 00000000          .bits   0,32                    ; g_pfnVectors[95] @ 3040
     146 00000180 00000000          .bits   0,32                    ; g_pfnVectors[96] @ 3072
     147 00000184 00000000          .bits   0,32                    ; g_pfnVectors[97] @ 3104
     148 00000188 00000000          .bits   0,32                    ; g_pfnVectors[98] @ 3136
     149 0000018c 00000000          .bits   0,32                    ; g_pfnVectors[99] @ 3168
     150 00000190 00000000          .bits   0,32                    ; g_pfnVectors[100] @ 3200
     151 00000194 00000000          .bits   0,32                    ; g_pfnVectors[101] @ 3232
     152 00000198 00000000          .bits   0,32                    ; g_pfnVectors[102] @ 3264
     153 0000019c 00000000          .bits   0,32                    ; g_pfnVectors[103] @ 3296
     154 000001a0 00000000          .bits   0,32                    ; g_pfnVectors[104] @ 3328
     155 000001a4 00000000          .bits   0,32                    ; g_pfnVectors[105] @ 3360
     156 000001a8 00000000          .bits   0,32                    ; g_pfnVectors[106] @ 3392
     157 000001ac 00000000          .bits   0,32                    ; g_pfnVectors[107] @ 3424
     158 000001b0 00000000!         .bits   IntDefaultHandler,32            ; g_pfnVectors[108] @ 3456
     159 000001b4 00000000!         .bits   IntDefaultHandler,32            ; g_pfnVectors[109] @ 3488
     160 000001b8 00000000!         .bits   IntDefaultHandler,32            ; g_pfnVectors[110] @ 3520
     161 000001bc 00000000!         .bits   IntDefaultHandler,32            ; g_pfnVectors[111] @ 3552
     162 000001c0 00000000!         .bits   IntDefaultHandler,32            ; g_pfnVectors[112] @ 3584
     163 000001c4 00000000!         .bits   IntDefaultHandler,32            ; g_pfnVectors[113] @ 3616
     164 000001c8 00000000!         .bits   IntDefaultHandler,32            ; g_pfnVectors[114] @ 3648
     165 000001cc 00000000!         .bits   IntDefaultHandler,32            ; g_pfnVectors[115] @ 3680
TI ARM Assembler Unix v5.2.2 Tue Jun  2 02:20:19 2015

Tools Copyright (c) 1996-2015 Texas Instruments Incorporated
startup_ccs.asm                                                      PAGE    4

     166 000001d0 00000000!         .bits   IntDefaultHandler,32            ; g_pfnVectors[116] @ 3712
     167 000001d4 00000000!         .bits   IntDefaultHandler,32            ; g_pfnVectors[117] @ 3744
     168 000001d8 00000000!         .bits   IntDefaultHandler,32            ; g_pfnVectors[118] @ 3776
     169 000001dc 00000000!         .bits   IntDefaultHandler,32            ; g_pfnVectors[119] @ 3808
     170 000001e0 00000000!         .bits   IntDefaultHandler,32            ; g_pfnVectors[120] @ 3840
     171 000001e4 00000000!         .bits   IntDefaultHandler,32            ; g_pfnVectors[121] @ 3872
     172 000001e8 00000000!         .bits   IntDefaultHandler,32            ; g_pfnVectors[122] @ 3904
     173 000001ec 00000000          .bits   0,32                    ; g_pfnVectors[123] @ 3936
     174 000001f0 00000000          .bits   0,32                    ; g_pfnVectors[124] @ 3968
     175 000001f4 00000000!         .bits   IntDefaultHandler,32            ; g_pfnVectors[125] @ 4000
     176 000001f8 00000000!         .bits   IntDefaultHandler,32            ; g_pfnVectors[126] @ 4032
     177 000001fc 00000000!         .bits   IntDefaultHandler,32            ; g_pfnVectors[127] @ 4064
     178 00000200 00000000!         .bits   IntDefaultHandler,32            ; g_pfnVectors[128] @ 4096
     179 00000204 00000000!         .bits   IntDefaultHandler,32            ; g_pfnVectors[129] @ 4128
     180 00000208 00000000          .bits   0,32                    ; g_pfnVectors[130] @ 4160
     181 0000020c 00000000          .bits   0,32                    ; g_pfnVectors[131] @ 4192
     182 00000210 00000000!         .bits   IntDefaultHandler,32            ; g_pfnVectors[132] @ 4224
     183 00000214 00000000!         .bits   IntDefaultHandler,32            ; g_pfnVectors[133] @ 4256
     184 00000218 00000000!         .bits   IntDefaultHandler,32            ; g_pfnVectors[134] @ 4288
     185 0000021c 00000000!         .bits   IntDefaultHandler,32            ; g_pfnVectors[135] @ 4320
     186 00000220 00000000!         .bits   IntDefaultHandler,32            ; g_pfnVectors[136] @ 4352
     187 00000224 00000000!         .bits   IntDefaultHandler,32            ; g_pfnVectors[137] @ 4384
     188 00000228 00000000!         .bits   IntDefaultHandler,32            ; g_pfnVectors[138] @ 4416
     189 0000022c 00000000!         .bits   IntDefaultHandler,32            ; g_pfnVectors[139] @ 4448
     190 00000230 00000000!         .bits   IntDefaultHandler,32            ; g_pfnVectors[140] @ 4480
     191 00000234 00000000!         .bits   IntDefaultHandler,32            ; g_pfnVectors[141] @ 4512
     192 00000238 00000000!         .bits   IntDefaultHandler,32            ; g_pfnVectors[142] @ 4544
     193 0000023c 00000000!         .bits   IntDefaultHandler,32            ; g_pfnVectors[143] @ 4576
     194 00000240 00000000!         .bits   IntDefaultHandler,32            ; g_pfnVectors[144] @ 4608
     195 00000244 00000000!         .bits   IntDefaultHandler,32            ; g_pfnVectors[145] @ 4640
     196 00000248 00000000!         .bits   IntDefaultHandler,32            ; g_pfnVectors[146] @ 4672
     197 0000024c 00000000!         .bits   IntDefaultHandler,32            ; g_pfnVectors[147] @ 4704
     198 00000250 00000000!         .bits   IntDefaultHandler,32            ; g_pfnVectors[148] @ 4736
     199 00000254 00000000!         .bits   IntDefaultHandler,32            ; g_pfnVectors[149] @ 4768
     200 00000258 00000000!         .bits   IntDefaultHandler,32            ; g_pfnVectors[150] @ 4800
     201 0000025c 00000000!         .bits   IntDefaultHandler,32            ; g_pfnVectors[151] @ 4832
     202 00000260 00000000!         .bits   IntDefaultHandler,32            ; g_pfnVectors[152] @ 4864
     203 00000264 00000000!         .bits   IntDefaultHandler,32            ; g_pfnVectors[153] @ 4896
     204 00000268 00000000!         .bits   IntDefaultHandler,32            ; g_pfnVectors[154] @ 4928
     205                    
     206                    $C$DW$5 .dwtag  DW_TAG_variable, DW_AT_name("g_pfnVectors")
     207                            .dwattr $C$DW$5, DW_AT_TI_symbol_name("g_pfnVectors")
     208                            .dwattr $C$DW$5, DW_AT_location[DW_OP_addr g_pfnVectors]
     209                            .dwattr $C$DW$5, DW_AT_type(*$C$DW$T$22)
     210                            .dwattr $C$DW$5, DW_AT_external
     211                            .dwattr $C$DW$5, DW_AT_decl_file("../startup_ccs.c")
     212                            .dwattr $C$DW$5, DW_AT_decl_line(0x41)
     213                            .dwattr $C$DW$5, DW_AT_decl_column(0x0f)
     214                    ;       /home/kike/programas/Ti/ccsv6/tools/compiler/ti-cgt-arm_5.2.2/bin/armopt /tmp/163541ImJog /tmp
     215 00000000                   .sect   ".text:ResetISR"
     216                            .clink
     217                            .thumbfunc ResetISR
     218 00000000                   .thumb
     219                            .global ResetISR
     220                    
TI ARM Assembler Unix v5.2.2 Tue Jun  2 02:20:19 2015

Tools Copyright (c) 1996-2015 Texas Instruments Incorporated
startup_ccs.asm                                                      PAGE    5

     221                    $C$DW$6 .dwtag  DW_TAG_subprogram, DW_AT_name("ResetISR")
     222                            .dwattr $C$DW$6, DW_AT_low_pc(ResetISR)
     223                            .dwattr $C$DW$6, DW_AT_high_pc(0x00)
     224                            .dwattr $C$DW$6, DW_AT_TI_symbol_name("ResetISR")
     225                            .dwattr $C$DW$6, DW_AT_external
     226                            .dwattr $C$DW$6, DW_AT_TI_begin_file("../startup_ccs.c")
     227                            .dwattr $C$DW$6, DW_AT_TI_begin_line(0xec)
     228                            .dwattr $C$DW$6, DW_AT_TI_begin_column(0x01)
     229                            .dwattr $C$DW$6, DW_AT_decl_file("../startup_ccs.c")
     230                            .dwattr $C$DW$6, DW_AT_decl_line(0xec)
     231                            .dwattr $C$DW$6, DW_AT_decl_column(0x01)
     232                            .dwattr $C$DW$6, DW_AT_TI_max_frame_size(0x00)
     233                            .dwpsn  file "../startup_ccs.c",line 237,column 1,is_stmt,address ResetISR,isa 1
     234                    
     235                            .dwfde $C$DW$CIE, ResetISR
     236                    
     237                    ;*****************************************************************************
     238                    ;* FUNCTION NAME: ResetISR                                                   *
     239                    ;*                                                                           *
     240                    ;*   Regs Modified     :                                                     *
     241                    ;*   Regs Used         : LR                                                  *
     242                    ;*   Local Frame Size  : 0 Args + 0 Auto + 0 Save = 0 byte                   *
     243                    ;*****************************************************************************
     244 00000000           ResetISR:
     245                    ;* --------------------------------------------------------------------------*
     246                            .dwcfi  cfa_offset, 0
     247                        .global _c_int00
     248 00000000 BFFEF7FF!     b.w     _c_int00 ; [KEEP 32-BIT INS]
     249                    $C$DW$7 .dwtag  DW_TAG_TI_branch
     250                            .dwattr $C$DW$7, DW_AT_low_pc(0x00)
     251                            .dwattr $C$DW$7, DW_AT_TI_return
     252 00000004 4770              BX        LR                    ; [DPU_3_PIPE]  ; [ORIG 16-BIT INS]
     253                            ; BRANCH OCCURS                  ; [] 
     254                            .dwattr $C$DW$6, DW_AT_TI_end_file("../startup_ccs.c")
     255                            .dwattr $C$DW$6, DW_AT_TI_end_line(0xf4)
     256                            .dwattr $C$DW$6, DW_AT_TI_end_column(0x01)
     257                            .dwendentry
     258                            .dwendtag $C$DW$6
     259                    
     260 00000000                   .sect   ".text:NmiSR"
     261                            .clink
     262                            .thumbfunc NmiSR
     263 00000000                   .thumb
     264                    
     265                    $C$DW$8 .dwtag  DW_TAG_subprogram, DW_AT_name("NmiSR")
     266                            .dwattr $C$DW$8, DW_AT_low_pc(NmiSR)
     267                            .dwattr $C$DW$8, DW_AT_high_pc(0x00)
     268                            .dwattr $C$DW$8, DW_AT_TI_symbol_name("NmiSR")
     269                            .dwattr $C$DW$8, DW_AT_TI_begin_file("../startup_ccs.c")
     270                            .dwattr $C$DW$8, DW_AT_TI_begin_line(0xfe)
     271                            .dwattr $C$DW$8, DW_AT_TI_begin_column(0x01)
     272                            .dwattr $C$DW$8, DW_AT_decl_file("../startup_ccs.c")
     273                            .dwattr $C$DW$8, DW_AT_decl_line(0xfe)
     274                            .dwattr $C$DW$8, DW_AT_decl_column(0x01)
     275                            .dwattr $C$DW$8, DW_AT_TI_max_frame_size(0x00)
TI ARM Assembler Unix v5.2.2 Tue Jun  2 02:20:19 2015

Tools Copyright (c) 1996-2015 Texas Instruments Incorporated
startup_ccs.asm                                                      PAGE    6

     276                            .dwpsn  file "../startup_ccs.c",line 255,column 1,is_stmt,address NmiSR,isa 1
     277                    
     278                            .dwfde $C$DW$CIE, NmiSR
     279                    
     280                    ;*****************************************************************************
     281                    ;* FUNCTION NAME: NmiSR                                                      *
     282                    ;*                                                                           *
     283                    ;*   Regs Modified     :                                                     *
     284                    ;*   Regs Used         :                                                     *
     285                    ;*   Local Frame Size  : 0 Args + 0 Auto + 0 Save = 0 byte                   *
     286                    ;*****************************************************************************
     287 00000000           NmiSR:
     288                    ;* --------------------------------------------------------------------------*
     289                            .dwcfi  cfa_offset, 0
     290                    ;* --------------------------------------------------------------------------*
     291                    ;*   BEGIN LOOP ||$C$L1||
     292                    ;*
     293                    ;*   Loop source line                : 259
     294                    ;*   Loop closing brace source line  : 261
     295                    ;*   Known Minimum Trip Count        : 1
     296                    ;*   Known Maximum Trip Count        : 4294967295
     297                    ;*   Known Max Trip Count Factor     : 1
     298                    ;* --------------------------------------------------------------------------*
     299 00000000           ||$C$L1||:    
     300                            .dwpsn  file "../startup_ccs.c",line 259,column 11,is_stmt,isa 1
     301 00000000 E7FE              B         ||$C$L1||             ; [DPU_3_PIPE] |259|  ; [ORIG 16-BIT INS]
     302                            ; BRANCH OCCURS {||$C$L1||}      ; [] |259| 
     303                            .dwattr $C$DW$8, DW_AT_TI_end_file("../startup_ccs.c")
     304                            .dwattr $C$DW$8, DW_AT_TI_end_line(0x106)
     305                            .dwattr $C$DW$8, DW_AT_TI_end_column(0x01)
     306                            .dwendentry
     307                            .dwendtag $C$DW$8
     308                    
     309 00000000                   .sect   ".text:IntDefaultHandler"
     310                            .clink
     311                            .thumbfunc IntDefaultHandler
     312 00000000                   .thumb
     313                    
     314                    $C$DW$9 .dwtag  DW_TAG_subprogram, DW_AT_name("IntDefaultHandler")
     315                            .dwattr $C$DW$9, DW_AT_low_pc(IntDefaultHandler)
     316                            .dwattr $C$DW$9, DW_AT_high_pc(0x00)
     317                            .dwattr $C$DW$9, DW_AT_TI_symbol_name("IntDefaultHandler")
     318                            .dwattr $C$DW$9, DW_AT_TI_begin_file("../startup_ccs.c")
     319                            .dwattr $C$DW$9, DW_AT_TI_begin_line(0x122)
     320                            .dwattr $C$DW$9, DW_AT_TI_begin_column(0x01)
     321                            .dwattr $C$DW$9, DW_AT_decl_file("../startup_ccs.c")
     322                            .dwattr $C$DW$9, DW_AT_decl_line(0x122)
     323                            .dwattr $C$DW$9, DW_AT_decl_column(0x01)
     324                            .dwattr $C$DW$9, DW_AT_TI_max_frame_size(0x00)
     325                            .dwpsn  file "../startup_ccs.c",line 291,column 1,is_stmt,address IntDefaultHandler,isa 1
     326                    
     327                            .dwfde $C$DW$CIE, IntDefaultHandler
     328                    
     329                    ;*****************************************************************************
     330                    ;* FUNCTION NAME: IntDefaultHandler                                          *
TI ARM Assembler Unix v5.2.2 Tue Jun  2 02:20:19 2015

Tools Copyright (c) 1996-2015 Texas Instruments Incorporated
startup_ccs.asm                                                      PAGE    7

     331                    ;*                                                                           *
     332                    ;*   Regs Modified     :                                                     *
     333                    ;*   Regs Used         :                                                     *
     334                    ;*   Local Frame Size  : 0 Args + 0 Auto + 0 Save = 0 byte                   *
     335                    ;*****************************************************************************
     336 00000000           IntDefaultHandler:
     337                    ;* --------------------------------------------------------------------------*
     338                            .dwcfi  cfa_offset, 0
     339                    ;* --------------------------------------------------------------------------*
     340                    ;*   BEGIN LOOP ||$C$L2||
     341                    ;*
     342                    ;*   Loop source line                : 295
     343                    ;*   Loop closing brace source line  : 297
     344                    ;*   Known Minimum Trip Count        : 1
     345                    ;*   Known Maximum Trip Count        : 4294967295
     346                    ;*   Known Max Trip Count Factor     : 1
     347                    ;* --------------------------------------------------------------------------*
     348 00000000           ||$C$L2||:    
     349                            .dwpsn  file "../startup_ccs.c",line 295,column 11,is_stmt,isa 1
     350 00000000 E7FE              B         ||$C$L2||             ; [DPU_3_PIPE] |295|  ; [ORIG 16-BIT INS]
     351                            ; BRANCH OCCURS {||$C$L2||}      ; [] |295| 
     352                            .dwattr $C$DW$9, DW_AT_TI_end_file("../startup_ccs.c")
     353                            .dwattr $C$DW$9, DW_AT_TI_end_line(0x12a)
     354                            .dwattr $C$DW$9, DW_AT_TI_end_column(0x01)
     355                            .dwendentry
     356                            .dwendtag $C$DW$9
     357                    
     358 00000000                   .sect   ".text:FaultISR"
     359                            .clink
     360                            .thumbfunc FaultISR
     361 00000000                   .thumb
     362                    
     363                    $C$DW$10        .dwtag  DW_TAG_subprogram, DW_AT_name("FaultISR")
     364                            .dwattr $C$DW$10, DW_AT_low_pc(FaultISR)
     365                            .dwattr $C$DW$10, DW_AT_high_pc(0x00)
     366                            .dwattr $C$DW$10, DW_AT_TI_symbol_name("FaultISR")
     367                            .dwattr $C$DW$10, DW_AT_TI_begin_file("../startup_ccs.c")
     368                            .dwattr $C$DW$10, DW_AT_TI_begin_line(0x110)
     369                            .dwattr $C$DW$10, DW_AT_TI_begin_column(0x01)
     370                            .dwattr $C$DW$10, DW_AT_decl_file("../startup_ccs.c")
     371                            .dwattr $C$DW$10, DW_AT_decl_line(0x110)
     372                            .dwattr $C$DW$10, DW_AT_decl_column(0x01)
     373                            .dwattr $C$DW$10, DW_AT_TI_max_frame_size(0x00)
     374                            .dwpsn  file "../startup_ccs.c",line 273,column 1,is_stmt,address FaultISR,isa 1
     375                    
     376                            .dwfde $C$DW$CIE, FaultISR
     377                    
     378                    ;*****************************************************************************
     379                    ;* FUNCTION NAME: FaultISR                                                   *
     380                    ;*                                                                           *
     381                    ;*   Regs Modified     :                                                     *
     382                    ;*   Regs Used         :                                                     *
     383                    ;*   Local Frame Size  : 0 Args + 0 Auto + 0 Save = 0 byte                   *
     384                    ;*****************************************************************************
     385 00000000           FaultISR:
TI ARM Assembler Unix v5.2.2 Tue Jun  2 02:20:19 2015

Tools Copyright (c) 1996-2015 Texas Instruments Incorporated
startup_ccs.asm                                                      PAGE    8

     386                    ;* --------------------------------------------------------------------------*
     387                            .dwcfi  cfa_offset, 0
     388                    ;* --------------------------------------------------------------------------*
     389                    ;*   BEGIN LOOP ||$C$L3||
     390                    ;*
     391                    ;*   Loop source line                : 277
     392                    ;*   Loop closing brace source line  : 279
     393                    ;*   Known Minimum Trip Count        : 1
     394                    ;*   Known Maximum Trip Count        : 4294967295
     395                    ;*   Known Max Trip Count Factor     : 1
     396                    ;* --------------------------------------------------------------------------*
     397 00000000           ||$C$L3||:    
     398                            .dwpsn  file "../startup_ccs.c",line 277,column 11,is_stmt,isa 1
     399 00000000 E7FE              B         ||$C$L3||             ; [DPU_3_PIPE] |277|  ; [ORIG 16-BIT INS]
     400                            ; BRANCH OCCURS {||$C$L3||}      ; [] |277| 
     401                            .dwattr $C$DW$10, DW_AT_TI_end_file("../startup_ccs.c")
     402                            .dwattr $C$DW$10, DW_AT_TI_end_line(0x118)
     403                            .dwattr $C$DW$10, DW_AT_TI_end_column(0x01)
     404                            .dwendentry
     405                            .dwendtag $C$DW$10
     406                    
     407                    ;*****************************************************************************
     408                    ;* UNDEFINED EXTERNAL REFERENCES                                             *
     409                    ;*****************************************************************************
     410                            .global Timer1IntHandler
     411                            .global IntGPIOf
     412                            .global IntGPIOD
     413                            .global __STACK_TOP
     414                    
     415                    ;******************************************************************************
     416                    ;* BUILD ATTRIBUTES                                                           *
     417                    ;******************************************************************************
     418                            .battr "aeabi", Tag_File, 1, Tag_ABI_PCS_wchar_t(2)
     419                            .battr "aeabi", Tag_File, 1, Tag_ABI_FP_rounding(0)
     420                            .battr "aeabi", Tag_File, 1, Tag_ABI_FP_denormal(0)
     421                            .battr "aeabi", Tag_File, 1, Tag_ABI_FP_exceptions(0)
     422                            .battr "aeabi", Tag_File, 1, Tag_ABI_FP_number_model(1)
     423                            .battr "aeabi", Tag_File, 1, Tag_ABI_enum_size(0)
     424                            .battr "aeabi", Tag_File, 1, Tag_ABI_optimization_goals(4)
     425                            .battr "aeabi", Tag_File, 1, Tag_ABI_FP_optimization_goals(0)
     426                            .battr "TI", Tag_File, 1, Tag_Bitfield_layout(2)
     427                            .battr "TI", Tag_File, 1, Tag_FP_interface(1)
     428                    
     429                    ;******************************************************************************
     430                    ;* TYPE INFORMATION                                                           *
     431                    ;******************************************************************************
     432                    $C$DW$T$2       .dwtag  DW_TAG_unspecified_type
     433                            .dwattr $C$DW$T$2, DW_AT_name("void")
     434                    
     435                    $C$DW$T$19      .dwtag  DW_TAG_subroutine_type
     436                            .dwattr $C$DW$T$19, DW_AT_language(DW_LANG_C)
     437                    $C$DW$T$20      .dwtag  DW_TAG_pointer_type
     438                            .dwattr $C$DW$T$20, DW_AT_type(*$C$DW$T$19)
     439                            .dwattr $C$DW$T$20, DW_AT_address_class(0x20)
     440                    $C$DW$T$21      .dwtag  DW_TAG_const_type
TI ARM Assembler Unix v5.2.2 Tue Jun  2 02:20:19 2015

Tools Copyright (c) 1996-2015 Texas Instruments Incorporated
startup_ccs.asm                                                      PAGE    9

     441                            .dwattr $C$DW$T$21, DW_AT_type(*$C$DW$T$20)
     442                    
     443                    $C$DW$T$22      .dwtag  DW_TAG_array_type
     444                            .dwattr $C$DW$T$22, DW_AT_type(*$C$DW$T$21)
     445                            .dwattr $C$DW$T$22, DW_AT_language(DW_LANG_C)
     446                            .dwattr $C$DW$T$22, DW_AT_byte_size(0x26c)
     447                    $C$DW$11        .dwtag  DW_TAG_subrange_type
     448                            .dwattr $C$DW$11, DW_AT_upper_bound(0x9a)
     449                            .dwendtag $C$DW$T$22
     450                    
     451                    $C$DW$T$4       .dwtag  DW_TAG_base_type
     452                            .dwattr $C$DW$T$4, DW_AT_encoding(DW_ATE_boolean)
     453                            .dwattr $C$DW$T$4, DW_AT_name("bool")
     454                            .dwattr $C$DW$T$4, DW_AT_byte_size(0x01)
     455                    $C$DW$T$5       .dwtag  DW_TAG_base_type
     456                            .dwattr $C$DW$T$5, DW_AT_encoding(DW_ATE_signed_char)
     457                            .dwattr $C$DW$T$5, DW_AT_name("signed char")
     458                            .dwattr $C$DW$T$5, DW_AT_byte_size(0x01)
     459                    $C$DW$T$23      .dwtag  DW_TAG_typedef, DW_AT_name("int8_t")
     460                            .dwattr $C$DW$T$23, DW_AT_type(*$C$DW$T$5)
     461                            .dwattr $C$DW$T$23, DW_AT_language(DW_LANG_C)
     462                            .dwattr $C$DW$T$23, DW_AT_decl_file("/home/kike/programas/Ti/ccsv6/tools/compiler/ti-cgt-arm_5
     463                            .dwattr $C$DW$T$23, DW_AT_decl_line(0x2a)
     464                            .dwattr $C$DW$T$23, DW_AT_decl_column(0x1d)
     465                    $C$DW$T$24      .dwtag  DW_TAG_typedef, DW_AT_name("int_least8_t")
     466                            .dwattr $C$DW$T$24, DW_AT_type(*$C$DW$T$23)
     467                            .dwattr $C$DW$T$24, DW_AT_language(DW_LANG_C)
     468                            .dwattr $C$DW$T$24, DW_AT_decl_file("/home/kike/programas/Ti/ccsv6/tools/compiler/ti-cgt-arm_5
     469                            .dwattr $C$DW$T$24, DW_AT_decl_line(0x37)
     470                            .dwattr $C$DW$T$24, DW_AT_decl_column(0x17)
     471                    $C$DW$T$6       .dwtag  DW_TAG_base_type
     472                            .dwattr $C$DW$T$6, DW_AT_encoding(DW_ATE_unsigned_char)
     473                            .dwattr $C$DW$T$6, DW_AT_name("unsigned char")
     474                            .dwattr $C$DW$T$6, DW_AT_byte_size(0x01)
     475                    $C$DW$T$25      .dwtag  DW_TAG_typedef, DW_AT_name("uint8_t")
     476                            .dwattr $C$DW$T$25, DW_AT_type(*$C$DW$T$6)
     477                            .dwattr $C$DW$T$25, DW_AT_language(DW_LANG_C)
     478                            .dwattr $C$DW$T$25, DW_AT_decl_file("/home/kike/programas/Ti/ccsv6/tools/compiler/ti-cgt-arm_5
     479                            .dwattr $C$DW$T$25, DW_AT_decl_line(0x2b)
     480                            .dwattr $C$DW$T$25, DW_AT_decl_column(0x1c)
     481                    $C$DW$T$26      .dwtag  DW_TAG_typedef, DW_AT_name("uint_least8_t")
     482                            .dwattr $C$DW$T$26, DW_AT_type(*$C$DW$T$25)
     483                            .dwattr $C$DW$T$26, DW_AT_language(DW_LANG_C)
     484                            .dwattr $C$DW$T$26, DW_AT_decl_file("/home/kike/programas/Ti/ccsv6/tools/compiler/ti-cgt-arm_5
     485                            .dwattr $C$DW$T$26, DW_AT_decl_line(0x38)
     486                            .dwattr $C$DW$T$26, DW_AT_decl_column(0x16)
     487                    $C$DW$T$7       .dwtag  DW_TAG_base_type
     488                            .dwattr $C$DW$T$7, DW_AT_encoding(DW_ATE_signed_char)
     489                            .dwattr $C$DW$T$7, DW_AT_name("wchar_t")
     490                            .dwattr $C$DW$T$7, DW_AT_byte_size(0x02)
     491                    $C$DW$T$8       .dwtag  DW_TAG_base_type
     492                            .dwattr $C$DW$T$8, DW_AT_encoding(DW_ATE_signed)
     493                            .dwattr $C$DW$T$8, DW_AT_name("short")
     494                            .dwattr $C$DW$T$8, DW_AT_byte_size(0x02)
     495                    $C$DW$T$27      .dwtag  DW_TAG_typedef, DW_AT_name("int16_t")
TI ARM Assembler Unix v5.2.2 Tue Jun  2 02:20:19 2015

Tools Copyright (c) 1996-2015 Texas Instruments Incorporated
startup_ccs.asm                                                      PAGE   10

     496                            .dwattr $C$DW$T$27, DW_AT_type(*$C$DW$T$8)
     497                            .dwattr $C$DW$T$27, DW_AT_language(DW_LANG_C)
     498                            .dwattr $C$DW$T$27, DW_AT_decl_file("/home/kike/programas/Ti/ccsv6/tools/compiler/ti-cgt-arm_5
     499                            .dwattr $C$DW$T$27, DW_AT_decl_line(0x2c)
     500                            .dwattr $C$DW$T$27, DW_AT_decl_column(0x1d)
     501                    $C$DW$T$28      .dwtag  DW_TAG_typedef, DW_AT_name("int_least16_t")
     502                            .dwattr $C$DW$T$28, DW_AT_type(*$C$DW$T$27)
     503                            .dwattr $C$DW$T$28, DW_AT_language(DW_LANG_C)
     504                            .dwattr $C$DW$T$28, DW_AT_decl_file("/home/kike/programas/Ti/ccsv6/tools/compiler/ti-cgt-arm_5
     505                            .dwattr $C$DW$T$28, DW_AT_decl_line(0x3a)
     506                            .dwattr $C$DW$T$28, DW_AT_decl_column(0x17)
     507                    $C$DW$T$9       .dwtag  DW_TAG_base_type
     508                            .dwattr $C$DW$T$9, DW_AT_encoding(DW_ATE_unsigned)
     509                            .dwattr $C$DW$T$9, DW_AT_name("unsigned short")
     510                            .dwattr $C$DW$T$9, DW_AT_byte_size(0x02)
     511                    $C$DW$T$29      .dwtag  DW_TAG_typedef, DW_AT_name("uint16_t")
     512                            .dwattr $C$DW$T$29, DW_AT_type(*$C$DW$T$9)
     513                            .dwattr $C$DW$T$29, DW_AT_language(DW_LANG_C)
     514                            .dwattr $C$DW$T$29, DW_AT_decl_file("/home/kike/programas/Ti/ccsv6/tools/compiler/ti-cgt-arm_5
     515                            .dwattr $C$DW$T$29, DW_AT_decl_line(0x2d)
     516                            .dwattr $C$DW$T$29, DW_AT_decl_column(0x1c)
     517                    $C$DW$T$30      .dwtag  DW_TAG_typedef, DW_AT_name("uint_least16_t")
     518                            .dwattr $C$DW$T$30, DW_AT_type(*$C$DW$T$29)
     519                            .dwattr $C$DW$T$30, DW_AT_language(DW_LANG_C)
     520                            .dwattr $C$DW$T$30, DW_AT_decl_file("/home/kike/programas/Ti/ccsv6/tools/compiler/ti-cgt-arm_5
     521                            .dwattr $C$DW$T$30, DW_AT_decl_line(0x3b)
     522                            .dwattr $C$DW$T$30, DW_AT_decl_column(0x16)
     523                    $C$DW$T$10      .dwtag  DW_TAG_base_type
     524                            .dwattr $C$DW$T$10, DW_AT_encoding(DW_ATE_signed)
     525                            .dwattr $C$DW$T$10, DW_AT_name("int")
     526                            .dwattr $C$DW$T$10, DW_AT_byte_size(0x04)
     527                    $C$DW$T$31      .dwtag  DW_TAG_typedef, DW_AT_name("int32_t")
     528                            .dwattr $C$DW$T$31, DW_AT_type(*$C$DW$T$10)
     529                            .dwattr $C$DW$T$31, DW_AT_language(DW_LANG_C)
     530                            .dwattr $C$DW$T$31, DW_AT_decl_file("/home/kike/programas/Ti/ccsv6/tools/compiler/ti-cgt-arm_5
     531                            .dwattr $C$DW$T$31, DW_AT_decl_line(0x2e)
     532                            .dwattr $C$DW$T$31, DW_AT_decl_column(0x1d)
     533                    $C$DW$T$32      .dwtag  DW_TAG_typedef, DW_AT_name("int_fast16_t")
     534                            .dwattr $C$DW$T$32, DW_AT_type(*$C$DW$T$31)
     535                            .dwattr $C$DW$T$32, DW_AT_language(DW_LANG_C)
     536                            .dwattr $C$DW$T$32, DW_AT_decl_file("/home/kike/programas/Ti/ccsv6/tools/compiler/ti-cgt-arm_5
     537                            .dwattr $C$DW$T$32, DW_AT_decl_line(0x47)
     538                            .dwattr $C$DW$T$32, DW_AT_decl_column(0x17)
     539                    $C$DW$T$33      .dwtag  DW_TAG_typedef, DW_AT_name("int_fast32_t")
     540                            .dwattr $C$DW$T$33, DW_AT_type(*$C$DW$T$31)
     541                            .dwattr $C$DW$T$33, DW_AT_language(DW_LANG_C)
     542                            .dwattr $C$DW$T$33, DW_AT_decl_file("/home/kike/programas/Ti/ccsv6/tools/compiler/ti-cgt-arm_5
     543                            .dwattr $C$DW$T$33, DW_AT_decl_line(0x4a)
     544                            .dwattr $C$DW$T$33, DW_AT_decl_column(0x17)
     545                    $C$DW$T$34      .dwtag  DW_TAG_typedef, DW_AT_name("int_fast8_t")
     546                            .dwattr $C$DW$T$34, DW_AT_type(*$C$DW$T$31)
     547                            .dwattr $C$DW$T$34, DW_AT_language(DW_LANG_C)
     548                            .dwattr $C$DW$T$34, DW_AT_decl_file("/home/kike/programas/Ti/ccsv6/tools/compiler/ti-cgt-arm_5
     549                            .dwattr $C$DW$T$34, DW_AT_decl_line(0x45)
     550                            .dwattr $C$DW$T$34, DW_AT_decl_column(0x17)
TI ARM Assembler Unix v5.2.2 Tue Jun  2 02:20:19 2015

Tools Copyright (c) 1996-2015 Texas Instruments Incorporated
startup_ccs.asm                                                      PAGE   11

     551                    $C$DW$T$35      .dwtag  DW_TAG_typedef, DW_AT_name("int_least32_t")
     552                            .dwattr $C$DW$T$35, DW_AT_type(*$C$DW$T$31)
     553                            .dwattr $C$DW$T$35, DW_AT_language(DW_LANG_C)
     554                            .dwattr $C$DW$T$35, DW_AT_decl_file("/home/kike/programas/Ti/ccsv6/tools/compiler/ti-cgt-arm_5
     555                            .dwattr $C$DW$T$35, DW_AT_decl_line(0x3c)
     556                            .dwattr $C$DW$T$35, DW_AT_decl_column(0x17)
     557                    $C$DW$T$36      .dwtag  DW_TAG_typedef, DW_AT_name("intptr_t")
     558                            .dwattr $C$DW$T$36, DW_AT_type(*$C$DW$T$10)
     559                            .dwattr $C$DW$T$36, DW_AT_language(DW_LANG_C)
     560                            .dwattr $C$DW$T$36, DW_AT_decl_file("/home/kike/programas/Ti/ccsv6/tools/compiler/ti-cgt-arm_5
     561                            .dwattr $C$DW$T$36, DW_AT_decl_line(0x52)
     562                            .dwattr $C$DW$T$36, DW_AT_decl_column(0x1a)
     563                    $C$DW$T$11      .dwtag  DW_TAG_base_type
     564                            .dwattr $C$DW$T$11, DW_AT_encoding(DW_ATE_unsigned)
     565                            .dwattr $C$DW$T$11, DW_AT_name("unsigned int")
     566                            .dwattr $C$DW$T$11, DW_AT_byte_size(0x04)
     567                    $C$DW$T$37      .dwtag  DW_TAG_typedef, DW_AT_name("uint32_t")
     568                            .dwattr $C$DW$T$37, DW_AT_type(*$C$DW$T$11)
     569                            .dwattr $C$DW$T$37, DW_AT_language(DW_LANG_C)
     570                            .dwattr $C$DW$T$37, DW_AT_decl_file("/home/kike/programas/Ti/ccsv6/tools/compiler/ti-cgt-arm_5
     571                            .dwattr $C$DW$T$37, DW_AT_decl_line(0x2f)
     572                            .dwattr $C$DW$T$37, DW_AT_decl_column(0x1c)
     573                    $C$DW$T$39      .dwtag  DW_TAG_typedef, DW_AT_name("uint_fast16_t")
     574                            .dwattr $C$DW$T$39, DW_AT_type(*$C$DW$T$37)
     575                            .dwattr $C$DW$T$39, DW_AT_language(DW_LANG_C)
     576                            .dwattr $C$DW$T$39, DW_AT_decl_file("/home/kike/programas/Ti/ccsv6/tools/compiler/ti-cgt-arm_5
     577                            .dwattr $C$DW$T$39, DW_AT_decl_line(0x48)
     578                            .dwattr $C$DW$T$39, DW_AT_decl_column(0x16)
     579                    $C$DW$T$40      .dwtag  DW_TAG_typedef, DW_AT_name("uint_fast32_t")
     580                            .dwattr $C$DW$T$40, DW_AT_type(*$C$DW$T$37)
     581                            .dwattr $C$DW$T$40, DW_AT_language(DW_LANG_C)
     582                            .dwattr $C$DW$T$40, DW_AT_decl_file("/home/kike/programas/Ti/ccsv6/tools/compiler/ti-cgt-arm_5
     583                            .dwattr $C$DW$T$40, DW_AT_decl_line(0x4b)
     584                            .dwattr $C$DW$T$40, DW_AT_decl_column(0x16)
     585                    $C$DW$T$41      .dwtag  DW_TAG_typedef, DW_AT_name("uint_fast8_t")
     586                            .dwattr $C$DW$T$41, DW_AT_type(*$C$DW$T$37)
     587                            .dwattr $C$DW$T$41, DW_AT_language(DW_LANG_C)
     588                            .dwattr $C$DW$T$41, DW_AT_decl_file("/home/kike/programas/Ti/ccsv6/tools/compiler/ti-cgt-arm_5
     589                            .dwattr $C$DW$T$41, DW_AT_decl_line(0x46)
     590                            .dwattr $C$DW$T$41, DW_AT_decl_column(0x16)
     591                    $C$DW$T$42      .dwtag  DW_TAG_typedef, DW_AT_name("uint_least32_t")
     592                            .dwattr $C$DW$T$42, DW_AT_type(*$C$DW$T$37)
     593                            .dwattr $C$DW$T$42, DW_AT_language(DW_LANG_C)
     594                            .dwattr $C$DW$T$42, DW_AT_decl_file("/home/kike/programas/Ti/ccsv6/tools/compiler/ti-cgt-arm_5
     595                            .dwattr $C$DW$T$42, DW_AT_decl_line(0x3d)
     596                            .dwattr $C$DW$T$42, DW_AT_decl_column(0x16)
     597                    $C$DW$T$43      .dwtag  DW_TAG_typedef, DW_AT_name("uintptr_t")
     598                            .dwattr $C$DW$T$43, DW_AT_type(*$C$DW$T$11)
     599                            .dwattr $C$DW$T$43, DW_AT_language(DW_LANG_C)
     600                            .dwattr $C$DW$T$43, DW_AT_decl_file("/home/kike/programas/Ti/ccsv6/tools/compiler/ti-cgt-arm_5
     601                            .dwattr $C$DW$T$43, DW_AT_decl_line(0x53)
     602                            .dwattr $C$DW$T$43, DW_AT_decl_column(0x1a)
     603                    $C$DW$T$12      .dwtag  DW_TAG_base_type
     604                            .dwattr $C$DW$T$12, DW_AT_encoding(DW_ATE_signed)
     605                            .dwattr $C$DW$T$12, DW_AT_name("long")
TI ARM Assembler Unix v5.2.2 Tue Jun  2 02:20:19 2015

Tools Copyright (c) 1996-2015 Texas Instruments Incorporated
startup_ccs.asm                                                      PAGE   12

     606                            .dwattr $C$DW$T$12, DW_AT_byte_size(0x04)
     607                    $C$DW$T$13      .dwtag  DW_TAG_base_type
     608                            .dwattr $C$DW$T$13, DW_AT_encoding(DW_ATE_unsigned)
     609                            .dwattr $C$DW$T$13, DW_AT_name("unsigned long")
     610                            .dwattr $C$DW$T$13, DW_AT_byte_size(0x04)
     611                    $C$DW$T$14      .dwtag  DW_TAG_base_type
     612                            .dwattr $C$DW$T$14, DW_AT_encoding(DW_ATE_signed)
     613                            .dwattr $C$DW$T$14, DW_AT_name("long long")
     614                            .dwattr $C$DW$T$14, DW_AT_byte_size(0x08)
     615                    $C$DW$T$44      .dwtag  DW_TAG_typedef, DW_AT_name("int64_t")
     616                            .dwattr $C$DW$T$44, DW_AT_type(*$C$DW$T$14)
     617                            .dwattr $C$DW$T$44, DW_AT_language(DW_LANG_C)
     618                            .dwattr $C$DW$T$44, DW_AT_decl_file("/home/kike/programas/Ti/ccsv6/tools/compiler/ti-cgt-arm_5
     619                            .dwattr $C$DW$T$44, DW_AT_decl_line(0x32)
     620                            .dwattr $C$DW$T$44, DW_AT_decl_column(0x21)
     621                    $C$DW$T$45      .dwtag  DW_TAG_typedef, DW_AT_name("int_fast64_t")
     622                            .dwattr $C$DW$T$45, DW_AT_type(*$C$DW$T$44)
     623                            .dwattr $C$DW$T$45, DW_AT_language(DW_LANG_C)
     624                            .dwattr $C$DW$T$45, DW_AT_decl_file("/home/kike/programas/Ti/ccsv6/tools/compiler/ti-cgt-arm_5
     625                            .dwattr $C$DW$T$45, DW_AT_decl_line(0x4e)
     626                            .dwattr $C$DW$T$45, DW_AT_decl_column(0x17)
     627                    $C$DW$T$46      .dwtag  DW_TAG_typedef, DW_AT_name("int_least64_t")
     628                            .dwattr $C$DW$T$46, DW_AT_type(*$C$DW$T$44)
     629                            .dwattr $C$DW$T$46, DW_AT_language(DW_LANG_C)
     630                            .dwattr $C$DW$T$46, DW_AT_decl_file("/home/kike/programas/Ti/ccsv6/tools/compiler/ti-cgt-arm_5
     631                            .dwattr $C$DW$T$46, DW_AT_decl_line(0x40)
     632                            .dwattr $C$DW$T$46, DW_AT_decl_column(0x17)
     633                    $C$DW$T$47      .dwtag  DW_TAG_typedef, DW_AT_name("intmax_t")
     634                            .dwattr $C$DW$T$47, DW_AT_type(*$C$DW$T$14)
     635                            .dwattr $C$DW$T$47, DW_AT_language(DW_LANG_C)
     636                            .dwattr $C$DW$T$47, DW_AT_decl_file("/home/kike/programas/Ti/ccsv6/tools/compiler/ti-cgt-arm_5
     637                            .dwattr $C$DW$T$47, DW_AT_decl_line(0x56)
     638                            .dwattr $C$DW$T$47, DW_AT_decl_column(0x20)
     639                    $C$DW$T$15      .dwtag  DW_TAG_base_type
     640                            .dwattr $C$DW$T$15, DW_AT_encoding(DW_ATE_unsigned)
     641                            .dwattr $C$DW$T$15, DW_AT_name("unsigned long long")
     642                            .dwattr $C$DW$T$15, DW_AT_byte_size(0x08)
     643                    $C$DW$T$48      .dwtag  DW_TAG_typedef, DW_AT_name("uint64_t")
     644                            .dwattr $C$DW$T$48, DW_AT_type(*$C$DW$T$15)
     645                            .dwattr $C$DW$T$48, DW_AT_language(DW_LANG_C)
     646                            .dwattr $C$DW$T$48, DW_AT_decl_file("/home/kike/programas/Ti/ccsv6/tools/compiler/ti-cgt-arm_5
     647                            .dwattr $C$DW$T$48, DW_AT_decl_line(0x33)
     648                            .dwattr $C$DW$T$48, DW_AT_decl_column(0x20)
     649                    $C$DW$T$49      .dwtag  DW_TAG_typedef, DW_AT_name("uint_fast64_t")
     650                            .dwattr $C$DW$T$49, DW_AT_type(*$C$DW$T$48)
     651                            .dwattr $C$DW$T$49, DW_AT_language(DW_LANG_C)
     652                            .dwattr $C$DW$T$49, DW_AT_decl_file("/home/kike/programas/Ti/ccsv6/tools/compiler/ti-cgt-arm_5
     653                            .dwattr $C$DW$T$49, DW_AT_decl_line(0x4f)
     654                            .dwattr $C$DW$T$49, DW_AT_decl_column(0x16)
     655                    $C$DW$T$50      .dwtag  DW_TAG_typedef, DW_AT_name("uint_least64_t")
     656                            .dwattr $C$DW$T$50, DW_AT_type(*$C$DW$T$48)
     657                            .dwattr $C$DW$T$50, DW_AT_language(DW_LANG_C)
     658                            .dwattr $C$DW$T$50, DW_AT_decl_file("/home/kike/programas/Ti/ccsv6/tools/compiler/ti-cgt-arm_5
     659                            .dwattr $C$DW$T$50, DW_AT_decl_line(0x41)
     660                            .dwattr $C$DW$T$50, DW_AT_decl_column(0x16)
TI ARM Assembler Unix v5.2.2 Tue Jun  2 02:20:19 2015

Tools Copyright (c) 1996-2015 Texas Instruments Incorporated
startup_ccs.asm                                                      PAGE   13

     661                    $C$DW$T$51      .dwtag  DW_TAG_typedef, DW_AT_name("uintmax_t")
     662                            .dwattr $C$DW$T$51, DW_AT_type(*$C$DW$T$15)
     663                            .dwattr $C$DW$T$51, DW_AT_language(DW_LANG_C)
     664                            .dwattr $C$DW$T$51, DW_AT_decl_file("/home/kike/programas/Ti/ccsv6/tools/compiler/ti-cgt-arm_5
     665                            .dwattr $C$DW$T$51, DW_AT_decl_line(0x57)
     666                            .dwattr $C$DW$T$51, DW_AT_decl_column(0x20)
     667                    $C$DW$T$16      .dwtag  DW_TAG_base_type
     668                            .dwattr $C$DW$T$16, DW_AT_encoding(DW_ATE_float)
     669                            .dwattr $C$DW$T$16, DW_AT_name("float")
     670                            .dwattr $C$DW$T$16, DW_AT_byte_size(0x04)
     671                    $C$DW$T$17      .dwtag  DW_TAG_base_type
     672                            .dwattr $C$DW$T$17, DW_AT_encoding(DW_ATE_float)
     673                            .dwattr $C$DW$T$17, DW_AT_name("double")
     674                            .dwattr $C$DW$T$17, DW_AT_byte_size(0x08)
     675                    $C$DW$T$18      .dwtag  DW_TAG_base_type
     676                            .dwattr $C$DW$T$18, DW_AT_encoding(DW_ATE_float)
     677                            .dwattr $C$DW$T$18, DW_AT_name("long double")
     678                            .dwattr $C$DW$T$18, DW_AT_byte_size(0x08)
     679                    $C$DW$T$53      .dwtag  DW_TAG_pointer_type
     680                            .dwattr $C$DW$T$53, DW_AT_type(*$C$DW$T$6)
     681                            .dwattr $C$DW$T$53, DW_AT_address_class(0x20)
     682                    $C$DW$T$54      .dwtag  DW_TAG_typedef, DW_AT_name("__builtin_va_list")
     683                            .dwattr $C$DW$T$54, DW_AT_type(*$C$DW$T$53)
     684                            .dwattr $C$DW$T$54, DW_AT_language(DW_LANG_C)
     685                            .dwattr $C$DW$T$54, DW_AT_decl_file("../startup_ccs.c")
     686                            .dwattr $C$DW$T$54, DW_AT_decl_line(0x12a)
     687                            .dwattr $C$DW$T$54, DW_AT_decl_column(0x01)
     688                            .dwattr $C$DW$CU, DW_AT_language(DW_LANG_C)
     689                    
     690                    ;***************************************************************
     691                    ;* DWARF CIE ENTRIES                                           *
     692                    ;***************************************************************
     693                    
     694                    $C$DW$CIE       .dwcie 14
     695                            .dwcfi  cfa_register, 13
     696                            .dwcfi  cfa_offset, 0
     697                            .dwcfi  undefined, 0
     698                            .dwcfi  undefined, 1
     699                            .dwcfi  undefined, 2
     700                            .dwcfi  undefined, 3
     701                            .dwcfi  same_value, 4
     702                            .dwcfi  same_value, 5
     703                            .dwcfi  same_value, 6
     704                            .dwcfi  same_value, 7
     705                            .dwcfi  same_value, 8
     706                            .dwcfi  same_value, 9
     707                            .dwcfi  same_value, 10
     708                            .dwcfi  same_value, 11
     709                            .dwcfi  undefined, 12
     710                            .dwcfi  undefined, 13
     711                            .dwcfi  undefined, 14
     712                            .dwcfi  undefined, 14
     713                            .dwcfi  undefined, 7
     714                            .dwcfi  undefined, 64
     715                            .dwcfi  undefined, 65
TI ARM Assembler Unix v5.2.2 Tue Jun  2 02:20:19 2015

Tools Copyright (c) 1996-2015 Texas Instruments Incorporated
startup_ccs.asm                                                      PAGE   14

     716                            .dwcfi  undefined, 66
     717                            .dwcfi  undefined, 67
     718                            .dwcfi  undefined, 68
     719                            .dwcfi  undefined, 69
     720                            .dwcfi  undefined, 70
     721                            .dwcfi  undefined, 71
     722                            .dwcfi  undefined, 72
     723                            .dwcfi  undefined, 73
     724                            .dwcfi  undefined, 74
     725                            .dwcfi  undefined, 75
     726                            .dwcfi  undefined, 76
     727                            .dwcfi  undefined, 77
     728                            .dwcfi  undefined, 78
     729                            .dwcfi  undefined, 79
     730                            .dwcfi  same_value, 80
     731                            .dwcfi  same_value, 81
     732                            .dwcfi  same_value, 82
     733                            .dwcfi  same_value, 83
     734                            .dwcfi  same_value, 84
     735                            .dwcfi  same_value, 85
     736                            .dwcfi  same_value, 86
     737                            .dwcfi  same_value, 87
     738                            .dwcfi  same_value, 88
     739                            .dwcfi  same_value, 89
     740                            .dwcfi  same_value, 90
     741                            .dwcfi  same_value, 91
     742                            .dwcfi  same_value, 92
     743                            .dwcfi  same_value, 93
     744                            .dwcfi  same_value, 94
     745                            .dwcfi  same_value, 95
     746                            .dwendentry
     747                            .dwendtag $C$DW$CU
     748                    

--------------------------
Thumb2 Statistics
--------------------------
Number of Thumb2 ins converted to Thumb = 0 (0%)
Number of Thumb ins in input = 4 (80%)
Number of Thumb2 ins encoded as Thumb2 = 1 (100%)
Number of Thumb2 ins converted to 2 OPND Thumb = 0


No Assembly Errors, No Assembly Warnings
